
┌── time-analytics-webpack-plugin
│ Webpack compile takes [32m[32m2959.9074 ms[39m[32m[39m
├── [34m[1mPlugins[22m[39m
│ Plugin [1mCssMinimizerPlugin[22m takes [32m[32m860.8449 ms[39m[32m[39m
│ Plugin [1mTerserPlugin[22m takes [32m[32m237.2153 ms[39m[32m[39m
│ Plugin [1mHtmlWebpackPlugin[22m takes [32m[32m152.9825 ms[39m[32m[39m
│ Plugin [1mCopyPlugin[22m takes [32m[32m30.2064 ms[39m[32m[39m
│ Plugin [1mCompressionPlugin[22m takes [32m[32m9.7913 ms[39m[32m[39m
│ Plugin [1mDefinePlugin[22m takes [32m[32m2.6819 ms[39m[32m[39m
│ Plugin [1mMiniCssExtractPlugin[22m takes [32m[32m2.0224 ms[39m[32m[39m
│ Plugin [1mProgressPlugin[22m takes [32m[32m1.2218 ms[39m[32m[39m
│ Plugin [1mPlugin[22m takes [32m[32m0.1370 ms[39m[32m[39m
│ All plugins take [32m[32m1297.1036 ms[39m[32m[39m
├── [34m[1mLoaders[22m[39m
│ Loader [1mmini-css-extract-plugin[22m takes [32m[32m972.6004 ms[39m[32m[39m
│ Loader [1mvue-loader[22m takes [32m[32m46.3351 ms[39m[32m[39m
│ Loader [1mswc-loader[22m takes [32m[32m39.7051 ms[39m[32m[39m
│ Loader [1m/Users/pch/Documents/GitHub/webpack-app/ts-loader/esm-loader.ts[22m takes [32m[32m23.1249 ms[39m[32m[39m
│ Loader [1mart-template-loader[22m takes [32m[32m19.6039 ms[39m[32m[39m
│ Loader [1mcss-loader[22m takes [32m[32m11.9680 ms[39m[32m[39m
│ Loader [1mvue-loader[22m takes [32m[32m0.8946 ms[39m[32m[39m
│ There are many differnt loaders that have same assumed name. Consider use "loader.groupedByAbsolutePath" option to show the full path of loaders.
│ All loaders take [32m[32m1114.2320 ms[39m[32m[39m
