
┌── time-analytics-webpack-plugin
│ Webpack compile takes [32m[32m2944.4733 ms[39m[32m[39m
├── [34m[1mPlugins[22m[39m
│ Plugin [1mCssMinimizerPlugin[22m takes [32m[32m788.6858 ms[39m[32m[39m
│ Plugin [1mTerserPlugin[22m takes [32m[32m286.6682 ms[39m[32m[39m
│ Plugin [1mHtmlWebpackPlugin[22m takes [32m[32m179.9269 ms[39m[32m[39m
│ Plugin [1mCopyPlugin[22m takes [32m[32m28.2516 ms[39m[32m[39m
│ Plugin [1mCompressionPlugin[22m takes [32m[32m8.8065 ms[39m[32m[39m
│ Plugin [1mDefinePlugin[22m takes [32m[32m2.7101 ms[39m[32m[39m
│ Plugin [1mMiniCssExtractPlugin[22m takes [32m[32m1.9811 ms[39m[32m[39m
│ Plugin [1mProgressPlugin[22m takes [32m[32m1.2582 ms[39m[32m[39m
│ Plugin [1mPlugin[22m takes [32m[32m0.1447 ms[39m[32m[39m
│ All plugins take [32m[32m1298.4329 ms[39m[32m[39m
├── [34m[1mLoaders[22m[39m
│ Loader [1mmini-css-extract-plugin[22m takes [32m[32m944.5047 ms[39m[32m[39m
│ Loader [1mswc-loader[22m takes [32m[32m125.0667 ms[39m[32m[39m
│ Loader [1mvue-loader[22m takes [32m[32m46.3504 ms[39m[32m[39m
│ Loader [1mart-template-loader[22m takes [32m[32m20.6235 ms[39m[32m[39m
│ Loader [1m/Users/pch/Documents/GitHub/webpack-app/ts-loader/esm-loader.ts[22m takes [32m[32m17.0817 ms[39m[32m[39m
│ Loader [1mcss-loader[22m takes [32m[32m12.9492 ms[39m[32m[39m
│ Loader [1mvue-loader[22m takes [32m[32m0.9225 ms[39m[32m[39m
│ There are many differnt loaders that have same assumed name. Consider use "loader.groupedByAbsolutePath" option to show the full path of loaders.
│ All loaders take [32m[32m1167.4987 ms[39m[32m[39m
